[28-Oct-2023 03:09:51 UTC] Cron reschedule event error for hook: nfd_data_sync_cron, Error code: invalid_schedule, Error message: Event schedule does not exist., Data: {"schedule":"minutely","args":[],"interval":60}
[28-Oct-2023 03:09:51 UTC] Cron reschedule event error for hook: jetpack_sync_full_cron, Error code: invalid_schedule, Error message: Event schedule does not exist., Data: {"schedule":"jetpack_sync_interval","args":[],"interval":300}
[28-Oct-2023 03:09:51 UTC] Cron reschedule event error for hook: jetpack_sync_cron, Error code: invalid_schedule, Error message: Event schedule does not exist., Data: {"schedule":"jetpack_sync_interval","args":[],"interval":300}
[28-Oct-2023 03:40:57 UTC] PHP Warning:  Undefined variable $page in /Users/charlie/Local Sites/hillcresthotsauce-d20279439d3fd26f1303-20231028025/app/public/wp-content/plugins/bluehost-wordpress-plugin/vendor/newfold-labs/wp-module-marketplace/includes/Themes.php on line 177
[28-Oct-2023 03:55:42 UTC] PHP Warning:  Attempt to read property "title" on null in /Users/charlie/Local Sites/hillcresthotsauce-d20279439d3fd26f1303-20231028025/app/public/wp-includes/class-wp-customize-widgets.php on line 905
[28-Oct-2023 03:58:52 UTC] PHP Warning:  Attempt to read property "title" on null in /Users/charlie/Local Sites/hillcresthotsauce-d20279439d3fd26f1303-20231028025/app/public/wp-includes/class-wp-customize-widgets.php on line 905
[28-Oct-2023 04:10:17 UTC] PHP Warning:  Attempt to read property "title" on null in /Users/charlie/Local Sites/hillcresthotsauce-d20279439d3fd26f1303-20231028025/app/public/wp-includes/class-wp-customize-widgets.php on line 905
[28-Oct-2023 04:13:21 UTC] PHP Warning:  Attempt to read property "title" on null in /Users/charlie/Local Sites/hillcresthotsauce-d20279439d3fd26f1303-20231028025/app/public/wp-includes/class-wp-customize-widgets.php on line 905
[28-Oct-2023 04:14:27 UTC] PHP Warning:  Undefined property: stdClass::$id in /Users/charlie/Local Sites/hillcresthotsauce-d20279439d3fd26f1303-20231028025/app/public/wp-includes/rest-api/endpoints/class-wp-rest-posts-controller.php on line 669
[28-Oct-2023 04:14:27 UTC] PHP Warning:  Undefined property: stdClass::$post_parent in /Users/charlie/Local Sites/hillcresthotsauce-d20279439d3fd26f1303-20231028025/app/public/wp-includes/rest-api/endpoints/class-wp-rest-posts-controller.php on line 672
[28-Oct-2023 04:17:11 UTC] PHP Warning:  Attempt to read property "title" on null in /Users/charlie/Local Sites/hillcresthotsauce-d20279439d3fd26f1303-20231028025/app/public/wp-includes/class-wp-customize-widgets.php on line 905
[28-Oct-2023 04:20:59 UTC] PHP Warning:  Attempt to read property "title" on null in /Users/charlie/Local Sites/hillcresthotsauce-d20279439d3fd26f1303-20231028025/app/public/wp-includes/class-wp-customize-widgets.php on line 905
[28-Oct-2023 04:28:43 UTC] PHP Warning:  Undefined variable $page in /Users/charlie/Local Sites/hillcresthotsauce-d20279439d3fd26f1303-20231028025/app/public/wp-content/plugins/bluehost-wordpress-plugin/vendor/newfold-labs/wp-module-marketplace/includes/Themes.php on line 177
[28-Oct-2023 04:31:13 UTC] PHP Warning:  Attempt to read property "title" on null in /Users/charlie/Local Sites/hillcresthotsauce-d20279439d3fd26f1303-20231028025/app/public/wp-includes/class-wp-customize-widgets.php on line 905
[28-Oct-2023 04:32:40 UTC] PHP Warning:  Attempt to read property "title" on null in /Users/charlie/Local Sites/hillcresthotsauce-d20279439d3fd26f1303-20231028025/app/public/wp-includes/class-wp-customize-widgets.php on line 905
[28-Oct-2023 04:32:50 UTC] PHP Warning:  Undefined variable $page in /Users/charlie/Local Sites/hillcresthotsauce-d20279439d3fd26f1303-20231028025/app/public/wp-content/plugins/bluehost-wordpress-plugin/vendor/newfold-labs/wp-module-marketplace/includes/Themes.php on line 177
[28-Oct-2023 04:33:04 UTC] PHP Warning:  Undefined property: stdClass::$browse in /Users/charlie/Local Sites/hillcresthotsauce-d20279439d3fd26f1303-20231028025/app/public/wp-content/plugins/bluehost-wordpress-plugin/vendor/newfold-labs/wp-module-marketplace/includes/Themes.php on line 169
[28-Oct-2023 04:33:05 UTC] PHP Warning:  Undefined property: stdClass::$browse in /Users/charlie/Local Sites/hillcresthotsauce-d20279439d3fd26f1303-20231028025/app/public/wp-content/plugins/bluehost-wordpress-plugin/vendor/newfold-labs/wp-module-marketplace/includes/Themes.php on line 198
[28-Oct-2023 04:33:09 UTC] PHP Warning:  Undefined property: stdClass::$browse in /Users/charlie/Local Sites/hillcresthotsauce-d20279439d3fd26f1303-20231028025/app/public/wp-content/plugins/bluehost-wordpress-plugin/vendor/newfold-labs/wp-module-marketplace/includes/Themes.php on line 169
[28-Oct-2023 04:33:09 UTC] PHP Warning:  Undefined property: stdClass::$browse in /Users/charlie/Local Sites/hillcresthotsauce-d20279439d3fd26f1303-20231028025/app/public/wp-content/plugins/bluehost-wordpress-plugin/vendor/newfold-labs/wp-module-marketplace/includes/Themes.php on line 198
[28-Oct-2023 04:47:54 UTC] Cron reschedule event error for hook: action_scheduler_run_queue, Error code: could_not_set, Error message: The cron event list could not be saved., Data: {"schedule":"every_minute","args":["WP Cron"],"interval":60}
[28-Oct-2023 04:48:03 UTC] PHP Warning:  Attempt to read property "title" on null in /Users/charlie/Local Sites/hillcresthotsauce-d20279439d3fd26f1303-20231028025/app/public/wp-includes/class-wp-customize-widgets.php on line 905
[28-Oct-2023 04:59:41 UTC] PHP Warning:  Attempt to read property "title" on null in /Users/charlie/Local Sites/hillcresthotsauce-d20279439d3fd26f1303-20231028025/app/public/wp-includes/class-wp-customize-widgets.php on line 905
[28-Oct-2023 15:39:00 UTC] PHP Warning:  Attempt to read property "title" on null in /Users/charlie/Local Sites/hillcresthotsauce-d20279439d3fd26f1303-20231028025/app/public/wp-includes/class-wp-customize-widgets.php on line 905
[28-Oct-2023 15:40:06 UTC] PHP Warning:  Undefined variable $page in /Users/charlie/Local Sites/hillcresthotsauce-d20279439d3fd26f1303-20231028025/app/public/wp-content/plugins/bluehost-wordpress-plugin/vendor/newfold-labs/wp-module-marketplace/includes/Themes.php on line 177
[28-Oct-2023 15:40:09 UTC] PHP Warning:  Undefined property: stdClass::$browse in /Users/charlie/Local Sites/hillcresthotsauce-d20279439d3fd26f1303-20231028025/app/public/wp-content/plugins/bluehost-wordpress-plugin/vendor/newfold-labs/wp-module-marketplace/includes/Themes.php on line 169
[28-Oct-2023 15:40:10 UTC] PHP Warning:  Undefined property: stdClass::$browse in /Users/charlie/Local Sites/hillcresthotsauce-d20279439d3fd26f1303-20231028025/app/public/wp-content/plugins/bluehost-wordpress-plugin/vendor/newfold-labs/wp-module-marketplace/includes/Themes.php on line 198
[28-Oct-2023 21:33:24 UTC] PHP Warning:  Undefined variable $page in /Users/charlie/Local Sites/hillcresthotsauce-d20279439d3fd26f1303-20231028025/app/public/wp-content/plugins/bluehost-wordpress-plugin/vendor/newfold-labs/wp-module-marketplace/includes/Themes.php on line 177
[28-Oct-2023 21:33:52 UTC] PHP Warning:  Undefined property: stdClass::$browse in /Users/charlie/Local Sites/hillcresthotsauce-d20279439d3fd26f1303-20231028025/app/public/wp-content/plugins/bluehost-wordpress-plugin/vendor/newfold-labs/wp-module-marketplace/includes/Themes.php on line 169
[28-Oct-2023 21:33:52 UTC] PHP Warning:  Undefined property: stdClass::$browse in /Users/charlie/Local Sites/hillcresthotsauce-d20279439d3fd26f1303-20231028025/app/public/wp-content/plugins/bluehost-wordpress-plugin/vendor/newfold-labs/wp-module-marketplace/includes/Themes.php on line 198
[28-Oct-2023 21:35:35 UTC] PHP Warning:  Attempt to read property "title" on null in /Users/charlie/Local Sites/hillcresthotsauce-d20279439d3fd26f1303-20231028025/app/public/wp-includes/class-wp-customize-widgets.php on line 905
[28-Oct-2023 21:56:52 UTC] PHP Warning:  Attempt to read property "title" on null in /Users/charlie/Local Sites/hillcresthotsauce-d20279439d3fd26f1303-20231028025/app/public/wp-includes/class-wp-customize-widgets.php on line 905
[28-Oct-2023 22:07:07 UTC] PHP Warning:  Attempt to read property "title" on null in /Users/charlie/Local Sites/hillcresthotsauce-d20279439d3fd26f1303-20231028025/app/public/wp-includes/class-wp-customize-widgets.php on line 905
[28-Oct-2023 22:13:42 UTC] PHP Warning:  Attempt to read property "title" on null in /Users/charlie/Local Sites/hillcresthotsauce-d20279439d3fd26f1303-20231028025/app/public/wp-includes/class-wp-customize-widgets.php on line 905
[28-Oct-2023 22:20:14 UTC] PHP Warning:  Attempt to read property "title" on null in /Users/charlie/Local Sites/hillcresthotsauce-d20279439d3fd26f1303-20231028025/app/public/wp-includes/class-wp-customize-widgets.php on line 905
[28-Oct-2023 22:25:36 UTC] PHP Warning:  Attempt to read property "title" on null in /Users/charlie/Local Sites/hillcresthotsauce-d20279439d3fd26f1303-20231028025/app/public/wp-includes/class-wp-customize-widgets.php on line 905
[28-Oct-2023 22:26:47 UTC] PHP Warning:  Attempt to read property "title" on null in /Users/charlie/Local Sites/hillcresthotsauce-d20279439d3fd26f1303-20231028025/app/public/wp-includes/class-wp-customize-widgets.php on line 905
[28-Oct-2023 22:42:39 UTC] PHP Warning:  Attempt to read property "title" on null in /Users/charlie/Local Sites/hillcresthotsauce-d20279439d3fd26f1303-20231028025/app/public/wp-includes/class-wp-customize-widgets.php on line 905
[28-Oct-2023 22:44:12 UTC] PHP Fatal error:  Uncaught WCPay\Exceptions\API_Exception: Error: Accounts do not currently support `card_payments` without `transfers`. Please visit https://stripe.com/docs/connect/account-capabilities#card-payments for more details. in /Users/charlie/Local Sites/hillcresthotsauce-d20279439d3fd26f1303-20231028025/app/public/wp-content/plugins/woocommerce-payments/includes/wc-payment-api/class-wc-payments-api-client.php:1944
Stack trace:
#0 /Users/charlie/Local Sites/hillcresthotsauce-d20279439d3fd26f1303-20231028025/app/public/wp-content/plugins/woocommerce-payments/includes/wc-payment-api/class-wc-payments-api-client.php(1770): WC_Payments_API_Client->check_response_for_errors(Array)
#1 /Users/charlie/Local Sites/hillcresthotsauce-d20279439d3fd26f1303-20231028025/app/public/wp-content/plugins/woocommerce-payments/includes/wc-payment-api/class-wc-payments-api-client.php(841): WC_Payments_API_Client->request(Array, 'accounts/capabi...', 'POST', true, true)
#2 /Users/charlie/Local Sites/hillcresthotsauce-d20279439d3fd26f1303-20231028025/app/public/wp-content/plugins/woocommerce-payments/includes/admin/class-wc-rest-payments-settings-controller.php(647): WC_Payments_API_Client->request_capability('card_payments', true)
#3 /Users/charlie/Local Sites/hillcresthotsauce-d20279439d3fd26f1303-20231028025/app/public/wp-content/plugins/woocommerce-payments/includes/admin/class-wc-rest-payments-settings-controller.php(628): WC_REST_Payments_Settings_Controller->request_unrequested_payment_methods(Array)
#4 /Users/charlie/Local Sites/hillcresthotsauce-d20279439d3fd26f1303-20231028025/app/public/wp-content/plugins/woocommerce-payments/includes/admin/class-wc-rest-payments-settings-controller.php(532): WC_REST_Payments_Settings_Controller->update_enabled_payment_methods(Object(WP_REST_Request))
#5 /Users/charlie/Local Sites/hillcresthotsauce-d20279439d3fd26f1303-20231028025/app/public/wp-includes/rest-api/class-wp-rest-server.php(1194): WC_REST_Payments_Settings_Controller->update_settings(Object(WP_REST_Request))
#6 /Users/charlie/Local Sites/hillcresthotsauce-d20279439d3fd26f1303-20231028025/app/public/wp-includes/rest-api/class-wp-rest-server.php(1041): WP_REST_Server->respond_to_request(Object(WP_REST_Request), '/wc/v3/payments...', Array, NULL)
#7 /Users/charlie/Local Sites/hillcresthotsauce-d20279439d3fd26f1303-20231028025/app/public/wp-includes/rest-api/class-wp-rest-server.php(431): WP_REST_Server->dispatch(Object(WP_REST_Request))
#8 /Users/charlie/Local Sites/hillcresthotsauce-d20279439d3fd26f1303-20231028025/app/public/wp-includes/rest-api.php(418): WP_REST_Server->serve_request('/wc/v3/payments...')
#9 /Users/charlie/Local Sites/hillcresthotsauce-d20279439d3fd26f1303-20231028025/app/public/wp-includes/class-wp-hook.php(310): rest_api_loaded(Object(WP))
#10 /Users/charlie/Local Sites/hillcresthotsauce-d20279439d3fd26f1303-20231028025/app/public/wp-includes/class-wp-hook.php(334): WP_Hook->apply_filters(NULL, Array)
#11 /Users/charlie/Local Sites/hillcresthotsauce-d20279439d3fd26f1303-20231028025/app/public/wp-includes/plugin.php(565): WP_Hook->do_action(Array)
#12 /Users/charlie/Local Sites/hillcresthotsauce-d20279439d3fd26f1303-20231028025/app/public/wp-includes/class-wp.php(398): do_action_ref_array('parse_request', Array)
#13 /Users/charlie/Local Sites/hillcresthotsauce-d20279439d3fd26f1303-20231028025/app/public/wp-includes/class-wp.php(779): WP->parse_request('')
#14 /Users/charlie/Local Sites/hillcresthotsauce-d20279439d3fd26f1303-20231028025/app/public/wp-includes/functions.php(1335): WP->main('')
#15 /Users/charlie/Local Sites/hillcresthotsauce-d20279439d3fd26f1303-20231028025/app/public/wp-blog-header.php(16): wp()
#16 /Users/charlie/Local Sites/hillcresthotsauce-d20279439d3fd26f1303-20231028025/app/public/index.php(17): require('/Users/charlie/...')
#17 {main}
  thrown in /Users/charlie/Local Sites/hillcresthotsauce-d20279439d3fd26f1303-20231028025/app/public/wp-content/plugins/woocommerce-payments/includes/wc-payment-api/class-wc-payments-api-client.php on line 1944
[28-Oct-2023 22:44:28 UTC] woocommerce_blocks_checkout_order_processed is deprecated since version 7.2.0! Use woocommerce_store_api_checkout_order_processed instead. This action was deprecated in WooCommerce Blocks version 7.2.0. Please use woocommerce_store_api_checkout_order_processed instead.
[28-Oct-2023 22:44:42 UTC] PHP Warning:  Attempt to read property "title" on null in /Users/charlie/Local Sites/hillcresthotsauce-d20279439d3fd26f1303-20231028025/app/public/wp-includes/class-wp-customize-widgets.php on line 905
[28-Oct-2023 22:50:41 UTC] PHP Warning:  Attempt to read property "title" on null in /Users/charlie/Local Sites/hillcresthotsauce-d20279439d3fd26f1303-20231028025/app/public/wp-includes/class-wp-customize-widgets.php on line 905
[28-Oct-2023 23:00:40 UTC] PHP Warning:  Attempt to read property "title" on null in /Users/charlie/Local Sites/hillcresthotsauce-d20279439d3fd26f1303-20231028025/app/public/wp-includes/class-wp-customize-widgets.php on line 905
[28-Oct-2023 23:07:30 UTC] PHP Warning:  Attempt to read property "title" on null in /Users/charlie/Local Sites/hillcresthotsauce-d20279439d3fd26f1303-20231028025/app/public/wp-includes/class-wp-customize-widgets.php on line 905
[28-Oct-2023 23:10:05 UTC] PHP Warning:  Attempt to read property "title" on null in /Users/charlie/Local Sites/hillcresthotsauce-d20279439d3fd26f1303-20231028025/app/public/wp-includes/class-wp-customize-widgets.php on line 905
[28-Oct-2023 23:10:25 UTC] Cron reschedule event error for hook: jetpack_clean_nonces, Error code: could_not_set, Error message: The cron event list could not be saved., Data: {"schedule":"hourly","args":[],"interval":3600}
[28-Oct-2023 23:14:17 UTC] PHP Warning:  Attempt to read property "title" on null in /Users/charlie/Local Sites/hillcresthotsauce-d20279439d3fd26f1303-20231028025/app/public/wp-includes/class-wp-customize-widgets.php on line 905
[28-Oct-2023 23:15:33 UTC] PHP Warning:  Attempt to read property "title" on null in /Users/charlie/Local Sites/hillcresthotsauce-d20279439d3fd26f1303-20231028025/app/public/wp-includes/class-wp-customize-widgets.php on line 905
[28-Oct-2023 23:15:59 UTC] Cron reschedule event error for hook: action_scheduler_run_queue, Error code: could_not_set, Error message: The cron event list could not be saved., Data: {"schedule":"every_minute","args":["WP Cron"],"interval":60}
[28-Oct-2023 23:23:04 UTC] PHP Warning:  Attempt to read property "title" on null in /Users/charlie/Local Sites/hillcresthotsauce-d20279439d3fd26f1303-20231028025/app/public/wp-includes/class-wp-customize-widgets.php on line 905
[28-Oct-2023 23:27:48 UTC] PHP Warning:  Attempt to read property "title" on null in /Users/charlie/Local Sites/hillcresthotsauce-d20279439d3fd26f1303-20231028025/app/public/wp-includes/class-wp-customize-widgets.php on line 905
[29-Oct-2023 16:10:33 UTC] Cron reschedule event error for hook: action_scheduler_run_queue, Error code: could_not_set, Error message: The cron event list could not be saved., Data: {"schedule":"every_minute","args":["WP Cron"],"interval":60}
[29-Oct-2023 16:10:33 UTC] Cron reschedule event error for hook: jetpack_clean_nonces, Error code: could_not_set, Error message: The cron event list could not be saved., Data: {"schedule":"hourly","args":[],"interval":3600}
[29-Oct-2023 16:12:34 UTC] Cron reschedule event error for hook: wc_admin_unsnooze_admin_notes, Error code: could_not_set, Error message: The cron event list could not be saved., Data: {"schedule":"hourly","args":[],"interval":3600}
