2023-10-28T01:48:04+00:00 NOTICE sync_store :: posting data :: Array
(
    [store_post] => Array
        (
            [id] => 5e7fcafed78a0
            [is_syncing] => 
            [platform] => woocommerce
            [list_id] => 6eba11939d
            [name] => Mitchell's Hot Sauce
            [domain] => https://hillcresthotsauce.com
            [email_address] => mitchellvf@gmail.com
            [currency_code] => USD
            [money_format] => $
            [primary_locale] => en_US
            [timezone] => America/New_York
            [phone] => 9148434404
            [address] => Array
                (
                    [address1] => 52 Bittersweet Lane
                    [city] => South Salem
                    [province] => NY
                    [postal_code] => 10590
                    [country] => US
                    [country_code] => US
                    [phone] => 9148434404
                    [company] => Mitchell's Hot Sauce
                )

        )

)

2023-10-28T01:48:05+00:00 NOTICE admin :: updated GDPR fields :: Array
(
    [fields] => Array
        (
        )

)

